2023.05.06 12:27:23 INFO  Started: Metals version 0.11.12 in workspace 'D:\Scala\ProjetScala' for client Visual Studio Code 1.77.3.
May 06, 2023 12:27:24 PM org.flywaydb.core.internal.license.VersionPrinter printVersionOnly
INFO: Flyway Community Edition 9.16.3 by Redgate
May 06, 2023 12:27:24 PM org.flywaydb.core.internal.license.VersionPrinter printVersion
INFO: See release notes here: https://rd.gt/416ObMi
May 06, 2023 12:27:24 PM org.flywaydb.core.internal.license.VersionPrinter printVersion
INFO: 
May 06, 2023 12:27:25 PM org.flywaydb.core.internal.database.base.BaseDatabaseType createDatabase
INFO: Database: jdbc:h2:file:D:\Scala\ProjetScala\.metals\metals (H2 2.1)
May 06, 2023 12:27:25 PM org.flywaydb.core.internal.schemahistory.JdbcTableSchemaHistory allAppliedMigrations
INFO: Schema history table "PUBLIC"."flyway_schema_history" does not exist yet
May 06, 2023 12:27:25 PM org.flywaydb.core.internal.command.DbValidate validate
INFO: Successfully validated 4 migrations (execution time 00:00.055s)
May 06, 2023 12:27:25 PM org.flywaydb.core.internal.schemahistory.JdbcTableSchemaHistory create
INFO: Creating Schema History table "PUBLIC"."flyway_schema_history" ...
May 06, 2023 12:27:25 PM org.flywaydb.core.internal.command.DbMigrate migrateGroup
INFO: Current version of schema "PUBLIC": << Empty Schema >>
May 06, 2023 12:27:25 PM org.flywaydb.core.internal.command.DbMigrate doMigrateGroup
INFO: Migrating schema "PUBLIC" to version "1 - Create tables"
May 06, 2023 12:27:25 PM org.flywaydb.core.internal.command.DbMigrate doMigrateGroup
INFO: Migrating schema "PUBLIC" to version "2 - Server discovery"
May 06, 2023 12:27:25 PM org.flywaydb.core.internal.command.DbMigrate doMigrateGroup
INFO: Migrating schema "PUBLIC" to version "3 - Jar symbols"
May 06, 2023 12:27:25 PM org.flywaydb.core.internal.command.DbMigrate doMigrateGroup
INFO: Migrating schema "PUBLIC" to version "4 - Fingerprints"
May 06, 2023 12:27:25 PM org.flywaydb.core.internal.command.DbMigrate logSummary
INFO: Successfully applied 4 migrations to schema "PUBLIC", now at version v4 (execution time 00:00.150s)
2023.05.06 12:27:26 INFO  time: initialize in 2.05s
May 06, 2023 12:27:27 PM org.eclipse.lsp4j.jsonrpc.RemoteEndpoint handleCancellation
WARNING: Unmatched cancel notification for request id 1
2023.05.06 12:27:27 WARN  Build server is not auto-connectable.
2023.05.06 12:27:27 WARN  no build target for: D:\Scala\ProjetScala\build.sbt
2023.05.06 12:27:29 INFO  running 'C:\Program Files (x86)\Java\jre-1.8\bin\java -Djline.terminal=jline.UnsupportedTerminal -Dsbt.log.noformat=true -Dfile.encoding=UTF-8 -Dsbt.version=1.8.2 -jar C:\Users\gomez\AppData\Local\Temp\metals5007657261511175022\sbt-launch.jar -Dbloop.export-jar-classifiers=sources bloopInstall'
2023.05.06 12:27:30 ERROR [info] [launcher] getting org.scala-sbt sbt 1.8.2  (this may take some time)...
2023.05.06 12:27:43 INFO  no build target found for D:\Scala\ProjetScala\build.sbt. Using presentation compiler with project's scala-library version: 3.2.2
2023.05.06 12:27:44 ERROR [info] [launcher] getting Scala 2.12.17 (for sbt)...
2023.05.06 12:27:46 INFO  [info] Updated file D:\Scala\ProjetScala\project\build.properties: set sbt.version to 1.8.2
2023.05.06 12:27:46 INFO  [info] welcome to sbt 1.8.2 (Oracle Corporation Java 1.8.0_371)
2023.05.06 12:27:46 INFO  time: code lens generation in 18s
2023.05.06 12:27:46 INFO  time: code lens generation in 13s
2023.05.06 12:27:53 INFO  [info] loading settings for project projetscala-build-build from metals.sbt ...
2023.05.06 12:27:55 INFO  [info] loading project definition from D:\Scala\ProjetScala\project\project
2023.05.06 12:28:04 INFO  [info] loading settings for project projetscala-build from metals.sbt ...
2023.05.06 12:28:04 INFO  [info] loading project definition from D:\Scala\ProjetScala\project
2023.05.06 12:28:11 INFO  [success] Generated .bloop\projetscala-build.json
2023.05.06 12:28:11 INFO  [success] Total time: 7 s, completed May 6, 2023 12:28:11 PM
2023.05.06 12:28:13 INFO  [info] loading settings for project projetscala from build.sbt ...
2023.05.06 12:28:13 INFO  [info] set current project to projetscala (in build file:/D:/Scala/ProjetScala/)
2023.05.06 12:28:22 INFO  [success] Generated .bloop\projetscala-test.json
2023.05.06 12:28:22 INFO  [success] Generated .bloop\projetscala.json
2023.05.06 12:28:22 INFO  [success] Total time: 8 s, completed May 6, 2023 12:28:22 PM
2023.05.06 12:28:22 INFO  time: ran 'sbt bloopInstall' in 52s
2023.05.06 12:28:22 INFO  Attempting to connect to the build server...
2023.05.06 12:28:22 INFO  Setting up current java home C:\Program Files (x86)\Java\jre-1.8 in C:\Users\gomez\.bloop\bloop.json
2023.05.06 12:28:41 INFO  tracing is disabled for protocol BSP, to enable tracing of incoming and outgoing JSON messages create an empty file at D:\Scala\ProjetScala\.metals\bsp.trace.json or C:\Users\gomez\AppData\Local\scalameta\metals\cache\bsp.trace.json
2023.05.06 12:28:46 INFO  Attempting to connect to the build server...
2023.05.06 12:28:46 INFO  Bloop uses C:\Program Files (x86)\Java\jre-1.8 defined at C:\Users\gomez\.bloop\bloop.json
2023.05.06 12:28:46 INFO  tracing is disabled for protocol BSP, to enable tracing of incoming and outgoing JSON messages create an empty file at D:\Scala\ProjetScala\project\.metals\bsp.trace.json or C:\Users\gomez\AppData\Local\scalameta\metals\cache\bsp.trace.json
2023.05.06 12:28:49 INFO  time: Connected to build server in 27s
2023.05.06 12:28:49 INFO  Connected to Build server: Bloop v1.5.6
2023.05.06 12:28:50 INFO  time: Imported build in 0.18s
2023.05.06 12:28:55 WARN  Could not find java sources in C:\Program Files (x86)\Java\src.zip, C:\Program Files (x86)\Java\lib\src.zip, C:\Program Files (x86)\Java\jre-1.8\src.zip, C:\Program Files (x86)\Java\jre-1.8\lib\src.zip. Java symbols will not be available.
2023.05.06 12:28:58 WARN  Could not find java sources in C:\Program Files (x86)\Java\src.zip, C:\Program Files (x86)\Java\lib\src.zip, C:\Program Files (x86)\Java\jre-1.8\src.zip, C:\Program Files (x86)\Java\jre-1.8\lib\src.zip. Java symbols will not be available.
2023.05.06 12:28:58 WARN  Could not find java sources in C:\Program Files (x86)\Java\src.zip, C:\Program Files (x86)\Java\lib\src.zip, C:\Program Files (x86)\Java\jre-1.8\src.zip, C:\Program Files (x86)\Java\jre-1.8\lib\src.zip. Java symbols will not be available.
2023.05.06 12:28:58 INFO  time: indexed workspace in 8.91s
2023.05.06 12:29:03 INFO  compiling projetscala (1 scala source)
2023.05.06 12:29:06 INFO  time: compiled projetscala in 2.56s
2023.05.06 12:29:46 INFO  compiling projetscala (1 scala source)
2023.05.06 12:29:48 INFO  time: compiled projetscala in 2.65s
May 06, 2023 12:30:57 PM org.eclipse.lsp4j.jsonrpc.services.GenericEndpoint notify
INFO: Unsupported notification method: $/setTrace
